# JRE version: OpenJDK Runtime Environment (17.0.6) (build 17.0.6+0-b2043.56-9586694)
# Java VM: OpenJDK 64-Bit Server VM (17.0.6+0-b2043.56-9586694, mixed mode, tiered, compressed oops, compressed class ptrs, g1 gc, windows-amd64)
GC Precious Log:
 CPUs: 4 total, 4 available
 Memory: 16302M
 Large Page Support: Disabled
 NUMA Support: Disabled
 Compressed Oops: Enabled (32-bit)
 Heap Region Size: 1M
 Heap Min Capacity: 8M
 Heap Initial Capacity: 256M
 Heap Max Capacity: 2G
 Pre-touch: Disabled
 Parallel Workers: 4
 Concurrent Workers: 1
 Concurrent Refinement Workers: 4
 Periodic GC: Disabled
Heap:
 garbage-first heap   total 119808K, used 72280K [0x0000000080000000, 0x0000000100000000)
  region size 1024K, 3 young (3072K), 2 survivors (2048K)
 Metaspace       used 47229K, committed 47616K, reserved 1097728K
  class space    used 6295K, committed 6464K, reserved 1048576K
GC Heap History (20 events):
Event: 2.630 GC heap before
{Heap before GC invocations=6 (full 0):
 garbage-first heap   total 68608K, used 52118K [0x0000000080000000, 0x0000000100000000)
  region size 1024K, 29 young (29696K), 2 survivors (2048K)
 Metaspace       used 29708K, committed 30080K, reserved 1081344K
  class space    used 4031K, committed 4224K, reserved 1048576K
}
Event: 2.634 GC heap after
{Heap after GC invocations=7 (full 0):
 garbage-first heap   total 68608K, used 28015K [0x0000000080000000, 0x0000000100000000)
  region size 1024K, 4 young (4096K), 4 survivors (4096K)
 Metaspace       used 29708K, committed 30080K, reserved 1081344K
  class space    used 4031K, committed 4224K, reserved 1048576K
}
Event: 2.684 GC heap before
{Heap before GC invocations=7 (full 0):
 garbage-first heap   total 68608K, used 34159K [0x0000000080000000, 0x0000000100000000)
  region size 1024K, 7 young (7168K), 4 survivors (4096K)
 Metaspace       used 29839K, committed 30144K, reserved 1081344K
  class space    used 4052K, committed 4224K, reserved 1048576K
}
Event: 2.687 GC heap after
{Heap after GC invocations=8 (full 0):
 garbage-first heap   total 68608K, used 34774K [0x0000000080000000, 0x0000000100000000)
  region size 1024K, 2 young (2048K), 2 survivors (2048K)
 Metaspace       used 29839K, committed 30144K, reserved 1081344K
  class space    used 4052K, committed 4224K, reserved 1048576K
}
Event: 2.714 GC heap before
{Heap before GC invocations=9 (full 0):
 garbage-first heap   total 73728K, used 41942K [0x0000000080000000, 0x0000000100000000)
  region size 1024K, 4 young (4096K), 2 survivors (2048K)
 Metaspace       used 29890K, committed 30208K, reserved 1081344K
  class space    used 4061K, committed 4224K, reserved 1048576K
}
Event: 2.715 GC heap after
{Heap after GC invocations=10 (full 0):
 garbage-first heap   total 73728K, used 42164K [0x0000000080000000, 0x0000000100000000)
  region size 1024K, 2 young (2048K), 2 survivors (2048K)
 Metaspace       used 29890K, committed 30208K, reserved 1081344K
  class space    used 4061K, committed 4224K, reserved 1048576K
}
Event: 2.918 GC heap before
{Heap before GC invocations=11 (full 0):
 garbage-first heap   total 94208K, used 68788K [0x0000000080000000, 0x0000000100000000)
  region size 1024K, 16 young (16384K), 2 survivors (2048K)
 Metaspace       used 31610K, committed 32000K, reserved 1081344K
  class space    used 4336K, committed 4544K, reserved 1048576K
}
Event: 2.921 GC heap after
{Heap after GC invocations=12 (full 0):
 garbage-first heap   total 94208K, used 55739K [0x0000000080000000, 0x0000000100000000)
  region size 1024K, 2 young (2048K), 2 survivors (2048K)
 Metaspace       used 31610K, committed 32000K, reserved 1081344K
  class space    used 4336K, committed 4544K, reserved 1048576K
}
Event: 3.132 GC heap before
{Heap before GC invocations=12 (full 0):
 garbage-first heap   total 94208K, used 72123K [0x0000000080000000, 0x0000000100000000)
  region size 1024K, 18 young (18432K), 2 survivors (2048K)
 Metaspace       used 33641K, committed 34048K, reserved 1081344K
  class space    used 4667K, committed 4864K, reserved 1048576K
}
Event: 3.134 GC heap after
{Heap after GC invocations=13 (full 0):
 garbage-first heap   total 94208K, used 56829K [0x0000000080000000, 0x0000000100000000)
  region size 1024K, 3 young (3072K), 3 survivors (3072K)
 Metaspace       used 33641K, committed 34048K, reserved 1081344K
  class space    used 4667K, committed 4864K, reserved 1048576K
}
Event: 3.366 GC heap before
{Heap before GC invocations=14 (full 0):
 garbage-first heap   total 99328K, used 72189K [0x0000000080000000, 0x0000000100000000)
  region size 1024K, 19 young (19456K), 3 survivors (3072K)
 Metaspace       used 36146K, committed 36480K, reserved 1081344K
  class space    used 5048K, committed 5184K, reserved 1048576K
}
Event: 3.368 GC heap after
{Heap after GC invocations=15 (full 0):
 garbage-first heap   total 99328K, used 57646K [0x0000000080000000, 0x0000000100000000)
  region size 1024K, 2 young (2048K), 2 survivors (2048K)
 Metaspace       used 36146K, committed 36480K, reserved 1081344K
  class space    used 5048K, committed 5184K, reserved 1048576K
}
Event: 3.658 GC heap before
{Heap before GC invocations=15 (full 0):
 garbage-first heap   total 99328K, used 77102K [0x0000000080000000, 0x0000000100000000)
  region size 1024K, 21 young (21504K), 2 survivors (2048K)
 Metaspace       used 41030K, committed 41344K, reserved 1089536K
  class space    used 5581K, committed 5760K, reserved 1048576K
}
Event: 3.661 GC heap after
{Heap after GC invocations=16 (full 0):
 garbage-first heap   total 119808K, used 59960K [0x0000000080000000, 0x0000000100000000)
  region size 1024K, 3 young (3072K), 3 survivors (3072K)
 Metaspace       used 41030K, committed 41344K, reserved 1089536K
  class space    used 5581K, committed 5760K, reserved 1048576K
}
Event: 3.888 GC heap before
{Heap before GC invocations=17 (full 0):
 garbage-first heap   total 119808K, used 88632K [0x0000000080000000, 0x0000000100000000)
  region size 1024K, 33 young (33792K), 3 survivors (3072K)
 Metaspace       used 42723K, committed 43136K, reserved 1089536K
  class space    used 5725K, committed 5952K, reserved 1048576K
}
Event: 3.893 GC heap after
{Heap after GC invocations=18 (full 0):
 garbage-first heap   total 119808K, used 63593K [0x0000000080000000, 0x0000000100000000)
  region size 1024K, 5 young (5120K), 5 survivors (5120K)
 Metaspace       used 42723K, committed 43136K, reserved 1089536K
  class space    used 5725K, committed 5952K, reserved 1048576K
}
Event: 4.388 GC heap before
{Heap before GC invocations=19 (full 0):
 garbage-first heap   total 119808K, used 97385K [0x0000000080000000, 0x0000000100000000)
  region size 1024K, 33 young (33792K), 5 survivors (5120K)
 Metaspace       used 46995K, committed 47424K, reserved 1097728K
  class space    used 6256K, committed 6464K, reserved 1048576K
}
Event: 4.394 GC heap after
{Heap after GC invocations=20 (full 0):
 garbage-first heap   total 119808K, used 65165K [0x0000000080000000, 0x0000000100000000)
  region size 1024K, 2 young (2048K), 2 survivors (2048K)
 Metaspace       used 46995K, committed 47424K, reserved 1097728K
  class space    used 6256K, committed 6464K, reserved 1048576K
}
Event: 4.415 GC heap before
{Heap before GC invocations=20 (full 0):
 garbage-first heap   total 119808K, used 66189K [0x0000000080000000, 0x0000000100000000)
  region size 1024K, 4 young (4096K), 2 survivors (2048K)
 Metaspace       used 47191K, committed 47616K, reserved 1097728K
  class space    used 6289K, committed 6464K, reserved 1048576K
}
Event: 4.418 GC heap after
{Heap after GC invocations=21 (full 0):
 garbage-first heap   total 119808K, used 65112K [0x0000000080000000, 0x0000000100000000)
  region size 1024K, 2 young (2048K), 2 survivors (2048K)
 Metaspace       used 47191K, committed 47616K, reserved 1097728K
  class space    used 6289K, committed 6464K, reserved 1048576K
}

