# JRE version: OpenJDK Runtime Environment (17.0.6) (build 17.0.6+0-b2043.56-9586694)
# Java VM: OpenJDK 64-Bit Server VM (17.0.6+0-b2043.56-9586694, mixed mode, tiered, compressed oops, compressed class ptrs, g1 gc, windows-amd64)
GC Precious Log:
 CPUs: 4 total, 4 available
 Memory: 16302M
 Large Page Support: Disabled
 NUMA Support: Disabled
 Compressed Oops: Enabled (32-bit)
 Heap Region Size: 1M
 Heap Min Capacity: 8M
 Heap Initial Capacity: 256M
 Heap Max Capacity: 2G
 Pre-touch: Disabled
 Parallel Workers: 4
 Concurrent Workers: 1
 Concurrent Refinement Workers: 4
 Periodic GC: Disabled
Heap:
 garbage-first heap   total 218112K, used 84645K [0x0000000080000000, 0x0000000100000000)
  region size 1024K, 5 young (5120K), 5 survivors (5120K)
 Metaspace       used 53273K, committed 53760K, reserved 1097728K
  class space    used 7080K, committed 7296K, reserved 1048576K
GC Heap History (20 events):
Event: 9.762 GC heap after
{Heap after GC invocations=45 (full 0):
 garbage-first heap   total 181248K, used 83041K [0x0000000080000000, 0x0000000100000000)
  region size 1024K, 6 young (6144K), 6 survivors (6144K)
 Metaspace       used 53255K, committed 53696K, reserved 1097728K
  class space    used 7079K, committed 7296K, reserved 1048576K
}
Event: 9.999 GC heap before
{Heap before GC invocations=45 (full 0):
 garbage-first heap   total 181248K, used 155745K [0x0000000080000000, 0x0000000100000000)
  region size 1024K, 77 young (78848K), 6 survivors (6144K)
 Metaspace       used 53258K, committed 53696K, reserved 1097728K
  class space    used 7080K, committed 7296K, reserved 1048576K
}
Event: 10.002 GC heap after
{Heap after GC invocations=46 (full 0):
 garbage-first heap   total 181248K, used 83455K [0x0000000080000000, 0x0000000100000000)
  region size 1024K, 6 young (6144K), 6 survivors (6144K)
 Metaspace       used 53258K, committed 53696K, reserved 1097728K
  class space    used 7080K, committed 7296K, reserved 1048576K
}
Event: 10.252 GC heap before
{Heap before GC invocations=46 (full 0):
 garbage-first heap   total 181248K, used 155135K [0x0000000080000000, 0x0000000100000000)
  region size 1024K, 76 young (77824K), 6 survivors (6144K)
 Metaspace       used 53258K, committed 53696K, reserved 1097728K
  class space    used 7080K, committed 7296K, reserved 1048576K
}
Event: 10.254 GC heap after
{Heap after GC invocations=47 (full 0):
 garbage-first heap   total 181248K, used 83726K [0x0000000080000000, 0x0000000100000000)
  region size 1024K, 6 young (6144K), 6 survivors (6144K)
 Metaspace       used 53258K, committed 53696K, reserved 1097728K
  class space    used 7080K, committed 7296K, reserved 1048576K
}
Event: 10.459 GC heap before
{Heap before GC invocations=47 (full 0):
 garbage-first heap   total 181248K, used 155406K [0x0000000080000000, 0x0000000100000000)
  region size 1024K, 76 young (77824K), 6 survivors (6144K)
 Metaspace       used 53260K, committed 53696K, reserved 1097728K
  class space    used 7080K, committed 7296K, reserved 1048576K
}
Event: 10.464 GC heap after
{Heap after GC invocations=48 (full 0):
 garbage-first heap   total 181248K, used 84212K [0x0000000080000000, 0x0000000100000000)
  region size 1024K, 6 young (6144K), 6 survivors (6144K)
 Metaspace       used 53260K, committed 53696K, reserved 1097728K
  class space    used 7080K, committed 7296K, reserved 1048576K
}
Event: 10.620 GC heap before
{Heap before GC invocations=48 (full 0):
 garbage-first heap   total 181248K, used 154868K [0x0000000080000000, 0x0000000100000000)
  region size 1024K, 75 young (76800K), 6 survivors (6144K)
 Metaspace       used 53262K, committed 53696K, reserved 1097728K
  class space    used 7080K, committed 7296K, reserved 1048576K
}
Event: 10.623 GC heap after
{Heap after GC invocations=49 (full 0):
 garbage-first heap   total 181248K, used 85179K [0x0000000080000000, 0x0000000100000000)
  region size 1024K, 6 young (6144K), 6 survivors (6144K)
 Metaspace       used 53262K, committed 53696K, reserved 1097728K
  class space    used 7080K, committed 7296K, reserved 1048576K
}
Event: 10.741 GC heap before
{Heap before GC invocations=49 (full 0):
 garbage-first heap   total 181248K, used 155835K [0x0000000080000000, 0x0000000100000000)
  region size 1024K, 75 young (76800K), 6 survivors (6144K)
 Metaspace       used 53262K, committed 53696K, reserved 1097728K
  class space    used 7080K, committed 7296K, reserved 1048576K
}
Event: 10.744 GC heap after
{Heap after GC invocations=50 (full 0):
 garbage-first heap   total 181248K, used 85740K [0x0000000080000000, 0x0000000100000000)
  region size 1024K, 6 young (6144K), 6 survivors (6144K)
 Metaspace       used 53262K, committed 53696K, reserved 1097728K
  class space    used 7080K, committed 7296K, reserved 1048576K
}
Event: 10.833 GC heap before
{Heap before GC invocations=50 (full 0):
 garbage-first heap   total 181248K, used 155372K [0x0000000080000000, 0x0000000100000000)
  region size 1024K, 74 young (75776K), 6 survivors (6144K)
 Metaspace       used 53263K, committed 53696K, reserved 1097728K
  class space    used 7080K, committed 7296K, reserved 1048576K
}
Event: 10.837 GC heap after
{Heap after GC invocations=51 (full 0):
 garbage-first heap   total 218112K, used 86314K [0x0000000080000000, 0x0000000100000000)
  region size 1024K, 6 young (6144K), 6 survivors (6144K)
 Metaspace       used 53263K, committed 53696K, reserved 1097728K
  class space    used 7080K, committed 7296K, reserved 1048576K
}
Event: 11.041 GC heap before
{Heap before GC invocations=51 (full 0):
 garbage-first heap   total 218112K, used 187690K [0x0000000080000000, 0x0000000100000000)
  region size 1024K, 105 young (107520K), 6 survivors (6144K)
 Metaspace       used 53263K, committed 53696K, reserved 1097728K
  class space    used 7080K, committed 7296K, reserved 1048576K
}
Event: 11.045 GC heap after
{Heap after GC invocations=52 (full 0):
 garbage-first heap   total 218112K, used 86990K [0x0000000080000000, 0x0000000100000000)
  region size 1024K, 6 young (6144K), 6 survivors (6144K)
 Metaspace       used 53263K, committed 53696K, reserved 1097728K
  class space    used 7080K, committed 7296K, reserved 1048576K
}
Event: 11.251 GC heap before
{Heap before GC invocations=52 (full 0):
 garbage-first heap   total 218112K, used 188366K [0x0000000080000000, 0x0000000100000000)
  region size 1024K, 105 young (107520K), 6 survivors (6144K)
 Metaspace       used 53263K, committed 53696K, reserved 1097728K
  class space    used 7080K, committed 7296K, reserved 1048576K
}
Event: 11.255 GC heap after
{Heap after GC invocations=53 (full 0):
 garbage-first heap   total 218112K, used 88309K [0x0000000080000000, 0x0000000100000000)
  region size 1024K, 8 young (8192K), 8 survivors (8192K)
 Metaspace       used 53263K, committed 53696K, reserved 1097728K
  class space    used 7080K, committed 7296K, reserved 1048576K
}
Event: 11.390 GC heap before
{Heap before GC invocations=53 (full 0):
 garbage-first heap   total 218112K, used 185589K [0x0000000080000000, 0x0000000100000000)
  region size 1024K, 103 young (105472K), 8 survivors (8192K)
 Metaspace       used 53263K, committed 53696K, reserved 1097728K
  class space    used 7080K, committed 7296K, reserved 1048576K
}
Event: 11.393 GC heap after
{Heap after GC invocations=54 (full 0):
 garbage-first heap   total 218112K, used 89319K [0x0000000080000000, 0x0000000100000000)
  region size 1024K, 8 young (8192K), 8 survivors (8192K)
 Metaspace       used 53263K, committed 53696K, reserved 1097728K
  class space    used 7080K, committed 7296K, reserved 1048576K
}
Event: 11.562 GC heap before
{Heap before GC invocations=54 (full 0):
 garbage-first heap   total 218112K, used 186599K [0x0000000080000000, 0x0000000100000000)
  region size 1024K, 103 young (105472K), 8 survivors (8192K)
 Metaspace       used 53273K, committed 53760K, reserved 1097728K
  class space    used 7080K, committed 7296K, reserved 1048576K
}

